"C:/Users/Jaksa/Documents/Unreal Projects/VRRunner/VRRunner.uproject" 1
"../../../Engine/Plugins/2D/Paper2D/Paper2D.uplugin" 2
"../../../Engine/Plugins/Developer/BlankPlugin/BlankPlugin.uplugin" 3
"../../../Engine/Plugins/Developer/GitSourceControl/GitSourceControl.uplugin" 4
"../../../Engine/Plugins/Developer/KDevelopSourceCodeAccess/KDevelopSourceCodeAccess.uplugin" 5
"../../../Engine/Plugins/Developer/PerforceSourceControl/PerforceSourceControl.uplugin" 6
"../../../Engine/Plugins/Developer/SubversionSourceControl/SubversionSourceControl.uplugin" 7
"../../../Engine/Plugins/Developer/UObjectPlugin/UObjectPlugin.uplugin" 8
"../../../Engine/Plugins/Developer/VisualStudioSourceCodeAccess/VisualStudioSourceCodeAccess.uplugin" 9
"../../../Engine/Plugins/Developer/XCodeSourceCodeAccess/XCodeSourceCodeAccess.uplugin" 10
"../../../Engine/Plugins/Editor/EpicSurvey/EpicSurvey.uplugin" 11
"../../../Engine/Plugins/Editor/MacGraphicsSwitching/MacGraphicsSwitching.uplugin" 12
"../../../Engine/Plugins/Editor/PluginsEditor/PluginsEditor.uplugin" 13
"../../../Engine/Plugins/Editor/SpeedTreeImporter/SpeedTreeImporter.uplugin" 14
"../../../Engine/Plugins/Experimental/BlueprintStats/BlueprintStats.uplugin" 15
"../../../Engine/Plugins/Experimental/CharacterAI/CharacterAI.uplugin" 16
"../../../Engine/Plugins/Experimental/CodeView/CodeView.uplugin" 17
"../../../Engine/Plugins/Experimental/LiveEditor/LiveEditor.uplugin" 18
"../../../Engine/Plugins/Experimental/Phya/Phya.uplugin" 19
"../../../Engine/Plugins/Experimental/SimpleHMD/SimpleHMD.uplugin" 20
"../../../Engine/Plugins/Experimental/SteamVR/SteamVR.uplugin" 21
"../../../Engine/Plugins/Media/AndroidMedia/AndroidMedia.uplugin" 22
"../../../Engine/Plugins/Media/AvfMedia/AvfMedia.uplugin" 23
"../../../Engine/Plugins/Media/MediaPlayerEditor/MediaPlayerEditor.uplugin" 24
"../../../Engine/Plugins/Media/WmfMedia/WmfMedia.uplugin" 25
"../../../Engine/Plugins/Messaging/MessagingDebugger/MessagingDebugger.uplugin" 26
"../../../Engine/Plugins/Messaging/ShmMessaging/ShmMessaging.uplugin" 27
"../../../Engine/Plugins/Messaging/UdpMessaging/UdpMessaging.uplugin" 28
"../../../Engine/Plugins/Runtime/Advertising/IOSTapJoy/IOSTapJoy.uplugin" 29
"../../../Engine/Plugins/Runtime/Analytics/AnalyticsBlueprintLibrary/AnalyticsBlueprintLibrary.uplugin" 30
"../../../Engine/Plugins/Runtime/Analytics/Apsalar/IOSApsalar/IOSApsalar.uplugin" 31
"../../../Engine/Plugins/Runtime/Analytics/FileLogging/FileLogging.uplugin" 32
"../../../Engine/Plugins/Runtime/AndroidDeviceProfileSelector/AndroidDeviceProfileSelector.uplugin" 33
"../../../Engine/Plugins/Runtime/AndroidMoviePlayer/AndroidMoviePlayer.uplugin" 34
"../../../Engine/Plugins/Runtime/AppleMoviePlayer/AppleMoviePlayer.uplugin" 35
"../../../Engine/Plugins/Runtime/CableComponent/CableComponent.uplugin" 36
"../../../Engine/Plugins/Runtime/CustomMeshComponent/CustomMeshComponent.uplugin" 37
"../../../Engine/Plugins/Runtime/ExampleDeviceProfileSelector/ExampleDeviceProfileSelector.uplugin" 38
"../../../Engine/Plugins/Runtime/GearVR/GearVR.uplugin" 39
"../../../Engine/Plugins/Runtime/IOSDeviceProfileSelector/IOSDeviceProfileSelector.uplugin" 40
"../../../Engine/Plugins/Runtime/LiveEditorListenServer/LiveEditorListenServer.uplugin" 41
"../../../Engine/Plugins/Runtime/OculusRift/OculusRift.uplugin" 42
"../../../Engine/Plugins/Runtime/SoundMod/SoundMod.uplugin" 43
"../../../Engine/Plugins/Runtime/SoundVisualizations/SoundVisualizations.uplugin" 44
"../../../Engine/Plugins/Runtime/TwitchLiveStreaming/TwitchLiveStreaming.uplugin" 45
"../../../Engine/Plugins/Runtime/WindowsDeviceProfileSelector/WindowsDeviceProfileSelector.uplugin" 46
"../../../Engine/Plugins/Runtime/WindowsMoviePlayer/WindowsMoviePlayer.uplugin" 47
"../../../Engine/Plugins/ScriptGeneratorPlugin/ScriptGeneratorPlugin.uplugin" 48
"../../../Engine/Plugins/ScriptPlugin/ScriptPlugin.uplugin" 49
"../../../Engine/Plugins/Slate/SlateRemote/SlateRemote.uplugin" 50
"..\..\..\Engine\Content\Internationalization\icudt53l\cnvalias.icu" 51
"..\..\..\Engine\Content\Internationalization\icudt53l\en_US_POSIX.res" 52
"..\..\..\Engine\Content\Internationalization\icudt53l\pool.res" 53
"..\..\..\Engine\Content\Internationalization\icudt53l\en_US.res" 54
"..\..\..\Engine\Content\Internationalization\icudt53l\en.res" 55
"..\..\..\Engine\Content\Internationalization\icudt53l\root.res" 56
"..\..\..\Engine\Content\Internationalization\icudt53l\coll\ucadata.icu" 57
"..\..\..\Engine\Content\Internationalization\icudt53l\nfc.nrm" 58
"..\..\..\Engine\Content\Internationalization\icudt53l\coll\en_US_POSIX.res" 59
"..\..\..\Engine\Content\Internationalization\icudt53l\coll\en_US.res" 60
"..\..\..\Engine\Content\Internationalization\icudt53l\coll\en.res" 61
"..\..\..\Engine\Content\Internationalization\icudt53l\coll\root.res" 62
"..\..\..\Engine\Content\Internationalization\icudt53l\numberingSystems.res" 63
"..\..\..\Engine\Content\Internationalization\icudt53l\curr\supplementalData.res" 64
"..\..\..\Engine\Content\Internationalization\icudt53l\curr\pool.res" 65
"..\..\..\Engine\Content\Internationalization\icudt53l\curr\en.res" 66
"..\..\..\Engine\Content\Internationalization\icudt53l\curr\root.res" 67
"..\..\..\Engine\Content\Internationalization\icudt53l\en_GB.res" 68
"..\..\..\Engine\Content\Internationalization\icudt53l\en_001.res" 69
"..\..\..\Engine\Content\Internationalization\icudt53l\plurals.res" 70
"..\..\..\Engine\Content\Internationalization\icudt53l\windowsZones.res" 71
"..\..\..\Engine\Content\Internationalization\icudt53l\zoneinfo64.res" 72
"..\..\..\Engine\Content\Internationalization\icudt53l\keyTypeData.res" 73
"..\..\..\Engine\Content\Internationalization\icudt53l\timezoneTypes.res" 74
"..\..\..\Engine\Content\Internationalization\icudt53l\supplementalData.res" 75
"..\..\..\Engine\Content\Internationalization\icudt53l\likelySubtags.res" 76
"..\..\..\Engine\Content\Internationalization\icudt53l\curr\en_GB.res" 77
"..\..\..\Engine\Content\Internationalization\icudt53l\curr\en_001.res" 78
"../../../Engine/Config/Base.ini" 79
"../../../Engine/Config/BaseEngine.ini" 80
"../../../../../../../Users/Jaksa/Documents/Unreal Projects/VRRunner/Config/DefaultEngine.ini" 81
"../../../Engine/Config/Windows/WindowsEngine.ini" 82
"C:/Users/Jaksa/Documents/Unreal Projects/VRRunner/Saved/Config/Windows/Engine.ini" 83
"../../../../../../../Users/Jaksa/Documents/Unreal Projects/VRRunner/Intermediate/Config/CoalescedSourceConfigs/Engine.ini" 84
"../../../Engine/Config/BaseGame.ini" 85
"../../../../../../../Users/Jaksa/Documents/Unreal Projects/VRRunner/Config/DefaultGame.ini" 86
"C:/Users/Jaksa/Documents/Unreal Projects/VRRunner/Saved/Config/Windows/Game.ini" 87
"../../../../../../../Users/Jaksa/Documents/Unreal Projects/VRRunner/Intermediate/Config/CoalescedSourceConfigs/Game.ini" 88
"../../../Engine/Config/BaseInput.ini" 89
"../../../../../../../Users/Jaksa/Documents/Unreal Projects/VRRunner/Config/DefaultInput.ini" 90
"C:/Users/Jaksa/Documents/Unreal Projects/VRRunner/Saved/Config/Windows/Input.ini" 91
"../../../../../../../Users/Jaksa/Documents/Unreal Projects/VRRunner/Intermediate/Config/CoalescedSourceConfigs/Input.ini" 92
"../../../Engine/Config/BaseEditor.ini" 93
"../../../../../../../Users/Jaksa/Documents/Unreal Projects/VRRunner/Config/DefaultEditor.ini" 94
"C:/Users/Jaksa/Documents/Unreal Projects/VRRunner/Saved/Config/Windows/Editor.ini" 95
"../../../../../../../Users/Jaksa/Documents/Unreal Projects/VRRunner/Intermediate/Config/CoalescedSourceConfigs/Editor.ini" 96
"../../../Engine/Config/BaseEditorLayout.ini" 97
"C:/Users/Jaksa/Documents/Unreal Projects/VRRunner/Saved/Config/Windows/EditorLayout.ini" 98
"../../../../../../../Users/Jaksa/Documents/Unreal Projects/VRRunner/Intermediate/Config/CoalescedSourceConfigs/EditorLayout.ini" 99
"../../../Engine/Config/BaseEditorUserSettings.ini" 100
"../../../../../../../Users/Jaksa/Documents/Unreal Projects/VRRunner/Config/DefaultEditorUserSettings.ini" 101
"C:/Users/Jaksa/Documents/Unreal Projects/VRRunner/Saved/Config/Windows/EditorUserSettings.ini" 102
"../../../../../../../Users/Jaksa/Documents/Unreal Projects/VRRunner/Intermediate/Config/CoalescedSourceConfigs/EditorUserSettings.ini" 103
"../../../Engine/Config/BaseEditorKeyBindings.ini" 104
"C:/Users/Jaksa/Documents/Unreal Projects/VRRunner/Saved/Config/Windows/EditorKeyBindings.ini" 105
"../../../../../../../Users/Jaksa/Documents/Unreal Projects/VRRunner/Intermediate/Config/CoalescedSourceConfigs/EditorKeyBindings.ini" 106
"../../../Engine/Config/BaseCompat.ini" 107
"C:/Users/Jaksa/Documents/Unreal Projects/VRRunner/Saved/Config/Windows/Compat.ini" 108
"../../../../../../../Users/Jaksa/Documents/Unreal Projects/VRRunner/Intermediate/Config/CoalescedSourceConfigs/Compat.ini" 109
"../../../Engine/Config/BaseLightmass.ini" 110
"C:/Users/Jaksa/Documents/Unreal Projects/VRRunner/Saved/Config/Windows/Lightmass.ini" 111
"../../../../../../../Users/Jaksa/Documents/Unreal Projects/VRRunner/Intermediate/Config/CoalescedSourceConfigs/Lightmass.ini" 112
"../../../Engine/Config/BaseScalability.ini" 113
"C:/Users/Jaksa/Documents/Unreal Projects/VRRunner/Saved/Config/Windows/Scalability.ini" 114
"../../../../../../../Users/Jaksa/Documents/Unreal Projects/VRRunner/Intermediate/Config/CoalescedSourceConfigs/Scalability.ini" 115
"C:/Users/Jaksa/Documents/Unreal Projects/VRRunner/Saved/Config/Windows/GameUserSettings.ini" 116
"../../../../../../../Users/Jaksa/Documents/Unreal Projects/VRRunner/Intermediate/Config/CoalescedSourceConfigs/GameUserSettings.ini" 117
"../../../Engine/Config/BaseDeviceProfiles.ini" 118
"C:/Users/Jaksa/Documents/Unreal Projects/VRRunner/Saved/Config/Windows/DeviceProfiles.ini" 119
"../../../../../../../Users/Jaksa/Documents/Unreal Projects/VRRunner/Intermediate/Config/CoalescedSourceConfigs/DeviceProfiles.ini" 120
"../../../Engine/Config/ConsoleVariables.ini" 121
"..\..\..\Engine\Content\Internationalization\icudt53l\es.res" 122
"..\..\..\Engine\Content\Internationalization\icudt53l\coll\es.res" 123
"..\..\..\Engine\Content\Internationalization\icudt53l\curr\es.res" 124
"..\..\..\Engine\Content\Internationalization\icudt53l\es_ES.res" 125
"..\..\..\Engine\Content\Internationalization\icudt53l\ja.res" 126
"..\..\..\Engine\Content\Internationalization\icudt53l\coll\ja.res" 127
"..\..\..\Engine\Content\Internationalization\icudt53l\curr\ja.res" 128
"..\..\..\Engine\Content\Internationalization\icudt53l\ja_JP.res" 129
"..\..\..\Engine\Content\Internationalization\icudt53l\ko.res" 130
"..\..\..\Engine\Content\Internationalization\icudt53l\coll\ko.res" 131
"..\..\..\Engine\Content\Internationalization\icudt53l\curr\ko.res" 132
"..\..\..\Engine\Content\Internationalization\icudt53l\ko_KR.res" 133
"..\..\..\Engine\Content\Internationalization\icudt53l\pt_BR.res" 134
"..\..\..\Engine\Content\Internationalization\icudt53l\pt.res" 135
"..\..\..\Engine\Content\Internationalization\icudt53l\coll\pt.res" 136
"..\..\..\Engine\Content\Internationalization\icudt53l\curr\pt.res" 137
"..\..\..\Engine\Content\Internationalization\icudt53l\zh_CN.res" 138
"..\..\..\Engine\Content\Internationalization\icudt53l\zh_Hans_CN.res" 139
"..\..\..\Engine\Content\Internationalization\icudt53l\zh_Hans.res" 140
"..\..\..\Engine\Content\Internationalization\icudt53l\zh.res" 141
"..\..\..\Engine\Content\Internationalization\icudt53l\coll\zh_CN.res" 142
"..\..\..\Engine\Content\Internationalization\icudt53l\coll\zh_Hans_CN.res" 143
"..\..\..\Engine\Content\Internationalization\icudt53l\coll\zh_Hans.res" 144
"..\..\..\Engine\Content\Internationalization\icudt53l\coll\zh.res" 145
"..\..\..\Engine\Content\Internationalization\icudt53l\curr\zh_CN.res" 146
"..\..\..\Engine\Content\Internationalization\icudt53l\curr\zh_Hans_CN.res" 147
"..\..\..\Engine\Content\Internationalization\icudt53l\curr\zh_Hans.res" 148
"..\..\..\Engine\Content\Internationalization\icudt53l\curr\zh.res" 149
"C:/Program Files/Games/Epic Games/4.7/Engine/Content/Localization/Editor/en/Editor.locres" 150
"C:/Program Files/Games/Epic Games/4.7/Engine/Content/Localization/EditorTutorials/en/EditorTutorials.locres" 151
"C:/Program Files/Games/Epic Games/4.7/Engine/Content/Localization/Engine/en/Engine.locres" 152
"../../../Engine/Content/Slate/Fonts/Roboto-Regular.ttf" 153
"../../../Engine/Content/Slate/Fonts/DroidSansMono.ttf" 154
"../../../Engine/Content/Slate/Fonts/Roboto-Bold.ttf" 155
"../../../Engine/Content/Slate/Fonts/Roboto-Light.ttf" 156
"C:/Program Files/Games/Epic Games/4.7/Engine/Binaries/Win64/../../../Engine/Shaders/ParticleSpriteVertexFactory.usf" 157
"C:/Program Files/Games/Epic Games/4.7/Engine/Binaries/Win64/../../../Engine/Shaders/VertexFactoryCommon.usf" 158
"C:/Program Files/Games/Epic Games/4.7/Engine/Binaries/Win64/../../../Engine/Shaders/Common.usf" 159
"C:/Program Files/Games/Epic Games/4.7/Engine/Binaries/Win64/../../../Engine/Shaders/MetalCommon.usf" 160
"C:/Program Files/Games/Epic Games/4.7/Engine/Binaries/Win64/../../../Engine/Shaders/ShaderVersion.usf" 161
"C:/Program Files/Games/Epic Games/4.7/Engine/Binaries/Win64/../../../Engine/Shaders/Definitions.usf" 162
"C:/Program Files/Games/Epic Games/4.7/Engine/Binaries/Win64/../../../Engine/Shaders/Random.usf" 163
"C:/Program Files/Games/Epic Games/4.7/Engine/Binaries/Win64/../../../Engine/Shaders/ParticleVertexFactoryCommon.usf" 164
"C:/Program Files/Games/Epic Games/4.7/Engine/Binaries/Win64/../../../Engine/Shaders/ParticleGPUSpriteVertexFactory.usf" 165
"C:/Program Files/Games/Epic Games/4.7/Engine/Binaries/Win64/../../../Engine/Shaders/ParticleBeamTrailVertexFactory.usf" 166
"C:/Program Files/Games/Epic Games/4.7/Engine/Binaries/Win64/../../../Engine/Shaders/VectorFieldVisualizationVertexFactory.usf" 167
"C:/Program Files/Games/Epic Games/4.7/Engine/Binaries/Win64/../../../Engine/Shaders/LocalVertexFactory.usf" 168
"C:/Program Files/Games/Epic Games/4.7/Engine/Binaries/Win64/../../../Engine/Shaders/LocalVertexFactoryCommon.usf" 169
"C:/Program Files/Games/Epic Games/4.7/Engine/Binaries/Win64/../../../Engine/Shaders/MeshParticleVertexFactory.usf" 170
"C:/Program Files/Games/Epic Games/4.7/Engine/Binaries/Win64/../../../Engine/Shaders/GpuSkinVertexFactory.usf" 171
"C:/Program Files/Games/Epic Games/4.7/Engine/Binaries/Win64/../../../Engine/Shaders/GpuSkinCacheCommon.usf" 172
"C:/Program Files/Games/Epic Games/4.7/Engine/Binaries/Win64/../../../Engine/Shaders/LandscapeVertexFactory.usf" 173
"C:/Program Files/Games/Epic Games/4.7/Engine/Binaries/Win64/../../../Engine/Shaders/SlateElementPixelShader.usf" 174
"C:/Program Files/Games/Epic Games/4.7/Engine/Binaries/Win64/../../../Engine/Shaders/MaterialTemplate.usf" 175
"C:/Program Files/Games/Epic Games/4.7/Engine/Binaries/Win64/../../../Engine/Shaders/DepthOfFieldCommon.usf" 176
"C:/Program Files/Games/Epic Games/4.7/Engine/Binaries/Win64/../../../Engine/Shaders/SpeedTreeCommon.usf" 177
"C:/Program Files/Games/Epic Games/4.7/Engine/Binaries/Win64/../../../Engine/Shaders/AtmosphereCommon.usf" 178
"C:/Program Files/Games/Epic Games/4.7/Engine/Binaries/Win64/../../../Engine/Shaders/PostProcessCommon.usf" 179
"C:/Program Files/Games/Epic Games/4.7/Engine/Binaries/Win64/../../../Engine/Shaders/DeferredShadingCommon.usf" 180
"C:/Program Files/Games/Epic Games/4.7/Engine/Binaries/Win64/../../../Engine/Shaders/LightAccumulator.usf" 181
"C:/Program Files/Games/Epic Games/4.7/Engine/Binaries/Win64/../../../Engine/Shaders/SlateVertexShader.usf" 182
"C:/Program Files/Games/Epic Games/4.7/Engine/Binaries/Win64/../../../Engine/Shaders/OneColorShader.usf" 183
"C:/Program Files/Games/Epic Games/4.7/Engine/Binaries/Win64/../../../Engine/Shaders/ResolveVertexShader.usf" 184
"C:/Program Files/Games/Epic Games/4.7/Engine/Binaries/Win64/../../../Engine/Shaders/ResolvePixelShader.usf" 185
"C:/Program Files/Games/Epic Games/4.7/Engine/Binaries/Win64/../../../Engine/Shaders/VisualizeTexture.usf" 186
"C:/Program Files/Games/Epic Games/4.7/Engine/Binaries/Win64/../../../Engine/Shaders/ScreenSpaceReflections.usf" 187
"C:/Program Files/Games/Epic Games/4.7/Engine/Binaries/Win64/../../../Engine/Shaders/BRDF.usf" 188
"C:/Program Files/Games/Epic Games/4.7/Engine/Binaries/Win64/../../../Engine/Shaders/MonteCarlo.usf" 189
"C:/Program Files/Games/Epic Games/4.7/Engine/Binaries/Win64/../../../Engine/Shaders/FilterVertexShader.usf" 190
"C:/Program Files/Games/Epic Games/4.7/Engine/Binaries/Win64/../../../Engine/Shaders/FilterPixelShader.usf" 191
"C:/Program Files/Games/Epic Games/4.7/Engine/Binaries/Win64/../../../Engine/Shaders/PostProcessVisualizeHDR.usf" 192
"C:/Program Files/Games/Epic Games/4.7/Engine/Binaries/Win64/../../../Engine/Shaders/PostProcessHistogramCommon.usf" 193
"C:/Program Files/Games/Epic Games/4.7/Engine/Binaries/Win64/../../../Engine/Shaders/TonemapCommon.usf" 194
"C:/Program Files/Games/Epic Games/4.7/Engine/Binaries/Win64/../../../Engine/Shaders/MiniFontCommon.usf" 195
"C:/Program Files/Games/Epic Games/4.7/Engine/Binaries/Win64/../../../Engine/Shaders/PostProcessVisualizeBuffer.usf" 196
"C:/Program Files/Games/Epic Games/4.7/Engine/Binaries/Win64/../../../Engine/Shaders/PostProcessUpscale.usf" 197
"C:/Program Files/Games/Epic Games/4.7/Engine/Binaries/Win64/../../../Engine/Shaders/PostProcessTonemap.usf" 198
"C:/Program Files/Games/Epic Games/4.7/Engine/Binaries/Win64/../../../Engine/Shaders/PostProcessTestImage.usf" 199
"C:/Program Files/Games/Epic Games/4.7/Engine/Binaries/Win64/../../../Engine/Shaders/PostProcessTemporalAA.usf" 200
"C:/Program Files/Games/Epic Games/4.7/Engine/Binaries/Win64/../../../Engine/Shaders/PostProcessTemporalCommon.usf" 201
"C:/Program Files/Games/Epic Games/4.7/Engine/Binaries/Win64/../../../Engine/Shaders/PostProcessSubsurface.usf" 202
"C:/Program Files/Games/Epic Games/4.7/Engine/Binaries/Win64/../../../Engine/Shaders/SeparableSSS.usf" 203
"C:/Program Files/Games/Epic Games/4.7/Engine/Binaries/Win64/../../../Engine/Shaders/PostProcessSelectionOutline.usf" 204
"C:/Program Files/Games/Epic Games/4.7/Engine/Binaries/Win64/../../../Engine/Shaders/PostProcessSceneColorFringe.usf" 205
"C:/Program Files/Games/Epic Games/4.7/Engine/Binaries/Win64/../../../Engine/Shaders/PostProcessNoiseBlur.usf" 206
"C:/Program Files/Games/Epic Games/4.7/Engine/Binaries/Win64/../../../Engine/Shaders/PostProcessMotionBlur.usf" 207
"C:/Program Files/Games/Epic Games/4.7/Engine/Binaries/Win64/../../../Engine/Shaders/PostProcessMobile.usf" 208
"C:/Program Files/Games/Epic Games/4.7/Engine/Binaries/Win64/../../../Engine/Shaders/PostProcessMaterialShaders.usf" 209
"C:/Program Files/Games/Epic Games/4.7/Engine/Binaries/Win64/../../../Engine/Shaders/PostProcessLensFlares.usf" 210
"C:/Program Files/Games/Epic Games/4.7/Engine/Binaries/Win64/../../../Engine/Shaders/PostProcessLensBlur.usf" 211
"C:/Program Files/Games/Epic Games/4.7/Engine/Binaries/Win64/../../../Engine/Shaders/PostProcessBloom.usf" 212
"C:/Program Files/Games/Epic Games/4.7/Engine/Binaries/Win64/../../../Engine/Shaders/PostProcessHMD.usf" 213
"C:/Program Files/Games/Epic Games/4.7/Engine/Binaries/Win64/../../../Engine/Shaders/PostProcessHistogramReduce.usf" 214
"C:/Program Files/Games/Epic Games/4.7/Engine/Binaries/Win64/../../../Engine/Shaders/PostProcessHistogram.usf" 215
"C:/Program Files/Games/Epic Games/4.7/Engine/Binaries/Win64/../../../Engine/Shaders/PostProcessGBufferHints.usf" 216
"C:/Program Files/Games/Epic Games/4.7/Engine/Binaries/Win64/../../../Engine/Shaders/PostProcessEyeAdaptation.usf" 217
"C:/Program Files/Games/Epic Games/4.7/Engine/Binaries/Win64/../../../Engine/Shaders/PostProcessDownsample.usf" 218
"C:/Program Files/Games/Epic Games/4.7/Engine/Binaries/Win64/../../../Engine/Shaders/PostProcessDOF.usf" 219
"C:/Program Files/Games/Epic Games/4.7/Engine/Binaries/Win64/../../../Engine/Shaders/PostProcessCompositeEditorPrimitives.usf" 220
"C:/Program Files/Games/Epic Games/4.7/Engine/Binaries/Win64/../../../Engine/Shaders/PostProcessCombineLUTs.usf" 221
"C:/Program Files/Games/Epic Games/4.7/Engine/Binaries/Win64/../../../Engine/Shaders/PostProcessBusyWait.usf" 222
"C:/Program Files/Games/Epic Games/4.7/Engine/Binaries/Win64/../../../Engine/Shaders/PostProcessBokehDOF.usf" 223
"C:/Program Files/Games/Epic Games/4.7/Engine/Binaries/Win64/../../../Engine/Shaders/FXAAShader.usf" 224
"C:/Program Files/Games/Epic Games/4.7/Engine/Binaries/Win64/../../../Engine/Shaders/Fxaa3_11.usf" 225
"C:/Program Files/Games/Epic Games/4.7/Engine/Binaries/Win64/../../../Engine/Shaders/PostProcessPassThrough.usf" 226
"C:/Program Files/Games/Epic Games/4.7/Engine/Binaries/Win64/../../../Engine/Shaders/PostProcessLpvIndirect.usf" 227
"C:/Program Files/Games/Epic Games/4.7/Engine/Binaries/Win64/../../../Engine/Shaders/DeferredLightingCommon.usf" 228
"C:/Program Files/Games/Epic Games/4.7/Engine/Binaries/Win64/../../../Engine/Shaders/DynamicLightingCommon.usf" 229
"C:/Program Files/Games/Epic Games/4.7/Engine/Binaries/Win64/../../../Engine/Shaders/IESLightProfilesCommon.usf" 230
"C:/Program Files/Games/Epic Games/4.7/Engine/Binaries/Win64/../../../Engine/Shaders/LPVFinalPass.usf" 231
"C:/Program Files/Games/Epic Games/4.7/Engine/Binaries/Win64/../../../Engine/Shaders/LPVCommon.usf" 232
"C:/Program Files/Games/Epic Games/4.7/Engine/Binaries/Win64/../../../Engine/Shaders/DeferredDecal.usf" 233
"C:/Program Files/Games/Epic Games/4.7/Engine/Binaries/Win64/../../../Engine/Shaders/PostProcessAmbientOcclusion.usf" 234
"C:/Program Files/Games/Epic Games/4.7/Engine/Binaries/Win64/../../../Engine/Shaders/PostProcessAmbient.usf" 235
"C:/Program Files/Games/Epic Games/4.7/Engine/Binaries/Win64/../../../Engine/Shaders/CubemapCommon.usf" 236
"C:/Program Files/Games/Epic Games/4.7/Engine/Binaries/Win64/../../../Engine/Shaders/VelocityShader.usf" 237
"C:/Program Files/Games/Epic Games/4.7/Engine/Binaries/Win64/../../../Engine/Shaders/Tessellation.usf" 238
"C:/Program Files/Games/Epic Games/4.7/Engine/Binaries/Win64/../../../Engine/Shaders/FlatTessellation.usf" 239
"C:/Program Files/Games/Epic Games/4.7/Engine/Binaries/Win64/../../../Engine/Shaders/PNTriangles.usf" 240
"C:/Program Files/Games/Epic Games/4.7/Engine/Binaries/Win64/../../../Engine/Shaders/TranslucentLightingShaders.usf" 241
"C:/Program Files/Games/Epic Games/4.7/Engine/Binaries/Win64/../../../Engine/Shaders/SHCommon.usf" 242
"C:/Program Files/Games/Epic Games/4.7/Engine/Binaries/Win64/../../../Engine/Shaders/ShadowProjectionCommon.usf" 243
"C:/Program Files/Games/Epic Games/4.7/Engine/Binaries/Win64/../../../Engine/Shaders/TranslucentLightInjectionShaders.usf" 244
"C:/Program Files/Games/Epic Games/4.7/Engine/Binaries/Win64/../../../Engine/Shaders/LightFunctionCommon.usf" 245
"C:/Program Files/Games/Epic Games/4.7/Engine/Binaries/Win64/../../../Engine/Shaders/TranslucentShadowDepthShaders.usf" 246
"C:/Program Files/Games/Epic Games/4.7/Engine/Binaries/Win64/../../../Engine/Shaders/ShadowDepthCommon.usf" 247
"C:/Program Files/Games/Epic Games/4.7/Engine/Binaries/Win64/../../../Engine/Shaders/TiledDeferredLightShaders.usf" 248
"C:/Program Files/Games/Epic Games/4.7/Engine/Binaries/Win64/../../../Engine/Shaders/ShadowProjectionPixelShader.usf" 249
"C:/Program Files/Games/Epic Games/4.7/Engine/Binaries/Win64/../../../Engine/Shaders/ShadowFilteringCommon.usf" 250
"C:/Program Files/Games/Epic Games/4.7/Engine/Binaries/Win64/../../../Engine/Shaders/ShadowProjectionVertexShader.usf" 251
"C:/Program Files/Games/Epic Games/4.7/Engine/Binaries/Win64/../../../Engine/Shaders/ShadowDepthPixelShader.usf" 252
"C:/Program Files/Games/Epic Games/4.7/Engine/Binaries/Win64/../../../Engine/Shaders/LPVWriteVplCommon.usf" 253
"C:/Program Files/Games/Epic Games/4.7/Engine/Binaries/Win64/../../../Engine/Shaders/LPVWriteCommon.usf" 254
"C:/Program Files/Games/Epic Games/4.7/Engine/Binaries/Win64/../../../Engine/Shaders/ShadowDepthVertexShader.usf" 255
"C:/Program Files/Games/Epic Games/4.7/Engine/Binaries/Win64/../../../Engine/Shaders/ShaderComplexityApplyPixelShader.usf" 256
"C:/Program Files/Games/Epic Games/4.7/Engine/Binaries/Win64/../../../Engine/Shaders/ShaderComplexityApplyVertexShader.usf" 257
"C:/Program Files/Games/Epic Games/4.7/Engine/Binaries/Win64/../../../Engine/Shaders/ShaderComplexityAccumulatePixelShader.usf" 258
"C:/Program Files/Games/Epic Games/4.7/Engine/Binaries/Win64/../../../Engine/Shaders/HZBOcclusion.usf" 259
"C:/Program Files/Games/Epic Games/4.7/Engine/Binaries/Win64/../../../Engine/Shaders/OcclusionQueryVertexShader.usf" 260
"C:/Program Files/Games/Epic Games/4.7/Engine/Binaries/Win64/../../../Engine/Shaders/HitProxyPixelShader.usf" 261
"C:/Program Files/Games/Epic Games/4.7/Engine/Binaries/Win64/../../../Engine/Shaders/HitProxyVertexShader.usf" 262
"C:/Program Files/Games/Epic Games/4.7/Engine/Binaries/Win64/../../../Engine/Shaders/ReflectionEnvironmentShaders.usf" 263
"C:/Program Files/Games/Epic Games/4.7/Engine/Binaries/Win64/../../../Engine/Shaders/ReflectionEnvironmentShared.usf" 264
"C:/Program Files/Games/Epic Games/4.7/Engine/Binaries/Win64/../../../Engine/Shaders/SkyLightingShared.usf" 265
"C:/Program Files/Games/Epic Games/4.7/Engine/Binaries/Win64/../../../Engine/Shaders/ReflectionEnvironmentComputeShaders.usf" 266
"C:/Program Files/Games/Epic Games/4.7/Engine/Binaries/Win64/../../../Engine/Shaders/LightShaftShader.usf" 267
"C:/Program Files/Games/Epic Games/4.7/Engine/Binaries/Win64/../../../Engine/Shaders/StationaryLightOverlapShaders.usf" 268
"C:/Program Files/Games/Epic Games/4.7/Engine/Binaries/Win64/../../../Engine/Shaders/DeferredLightPixelShaders.usf" 269
"C:/Program Files/Games/Epic Games/4.7/Engine/Binaries/Win64/../../../Engine/Shaders/DeferredLightVertexShaders.usf" 270
"C:/Program Files/Games/Epic Games/4.7/Engine/Binaries/Win64/../../../Engine/Shaders/LPVVisualise.usf" 271
"C:/Program Files/Games/Epic Games/4.7/Engine/Binaries/Win64/../../../Engine/Shaders/LPVGeometryVolumeCommon.usf" 272
"C:/Program Files/Games/Epic Games/4.7/Engine/Binaries/Win64/../../../Engine/Shaders/LPVDirectLightInject.usf" 273
"C:/Program Files/Games/Epic Games/4.7/Engine/Binaries/Win64/../../../Engine/Shaders/LPVPropagate.usf" 274
"C:/Program Files/Games/Epic Games/4.7/Engine/Binaries/Win64/../../../Engine/Shaders/LPVBuildGeometryVolume.usf" 275
"C:/Program Files/Games/Epic Games/4.7/Engine/Binaries/Win64/../../../Engine/Shaders/LPVInject_AccumulateVplLists.usf" 276
"C:/Program Files/Games/Epic Games/4.7/Engine/Binaries/Win64/../../../Engine/Shaders/LPVInject_GenerateVplLists.usf" 277
"C:/Program Files/Games/Epic Games/4.7/Engine/Binaries/Win64/../../../Engine/Shaders/LPVClearLists.usf" 278
"C:/Program Files/Games/Epic Games/4.7/Engine/Binaries/Win64/../../../Engine/Shaders/LPVClear.usf" 279
"C:/Program Files/Games/Epic Games/4.7/Engine/Binaries/Win64/../../../Engine/Shaders/LightMapDensityShader.usf" 280
"C:/Program Files/Games/Epic Games/4.7/Engine/Binaries/Win64/../../../Engine/Shaders/LightFunctionPixelShader.usf" 281
"C:/Program Files/Games/Epic Games/4.7/Engine/Binaries/Win64/../../../Engine/Shaders/LightFunctionVertexShader.usf" 282
"C:/Program Files/Games/Epic Games/4.7/Engine/Binaries/Win64/../../../Engine/Shaders/HdrCustomResolveShaders.usf" 283
"C:/Program Files/Games/Epic Games/4.7/Engine/Binaries/Win64/../../../Engine/Shaders/GPUBenchmark.usf" 284
"C:/Program Files/Games/Epic Games/4.7/Engine/Binaries/Win64/../../../Engine/Shaders/GammaCorrection.usf" 285
"C:/Program Files/Games/Epic Games/4.7/Engine/Binaries/Win64/../../../Engine/Shaders/BasePassForForwardShadingPixelShader.usf" 286
"C:/Program Files/Games/Epic Games/4.7/Engine/Binaries/Win64/../../../Engine/Shaders/BasePassForForwardShadingCommon.usf" 287
"C:/Program Files/Games/Epic Games/4.7/Engine/Binaries/Win64/../../../Engine/Shaders/LightmapCommon.usf" 288
"C:/Program Files/Games/Epic Games/4.7/Engine/Binaries/Win64/../../../Engine/Shaders/BasePassForForwardShadingVertexShader.usf" 289
"C:/Program Files/Games/Epic Games/4.7/Engine/Binaries/Win64/../../../Engine/Shaders/HeightFogCommon.usf" 290
"C:/Program Files/Games/Epic Games/4.7/Engine/Binaries/Win64/../../../Engine/Shaders/HeightFogPixelShader.usf" 291
"C:/Program Files/Games/Epic Games/4.7/Engine/Binaries/Win64/../../../Engine/Shaders/HeightFogVertexShader.usf" 292
"C:/Program Files/Games/Epic Games/4.7/Engine/Binaries/Win64/../../../Engine/Shaders/DistortAccumulatePS.usf" 293
"C:/Program Files/Games/Epic Games/4.7/Engine/Binaries/Win64/../../../Engine/Shaders/DistortAccumulateVS.usf" 294
"C:/Program Files/Games/Epic Games/4.7/Engine/Binaries/Win64/../../../Engine/Shaders/DistortApplyScreenPS.usf" 295
"C:/Program Files/Games/Epic Games/4.7/Engine/Binaries/Win64/../../../Engine/Shaders/DistanceFieldSurfaceCacheLighting.usf" 296
"C:/Program Files/Games/Epic Games/4.7/Engine/Binaries/Win64/../../../Engine/Shaders/DistanceFieldLightingShared.usf" 297
"C:/Program Files/Games/Epic Games/4.7/Engine/Binaries/Win64/../../../Engine/Shaders/DistanceFieldAOShared.usf" 298
"C:/Program Files/Games/Epic Games/4.7/Engine/Binaries/Win64/../../../Engine/Shaders/SkyLighting.usf" 299
"C:/Program Files/Games/Epic Games/4.7/Engine/Binaries/Win64/../../../Engine/Shaders/DistanceFieldSurfaceCacheLightingCompute.usf" 300
"C:/Program Files/Games/Epic Games/4.7/Engine/Binaries/Win64/../../../Engine/Shaders/DistanceFieldShadowing.usf" 301
"C:/Program Files/Games/Epic Games/4.7/Engine/Binaries/Win64/../../../Engine/Shaders/DepthOnlyPixelShader.usf" 302
"C:/Program Files/Games/Epic Games/4.7/Engine/Binaries/Win64/../../../Engine/Shaders/DepthOnlyVertexShader.usf" 303
"C:/Program Files/Games/Epic Games/4.7/Engine/Binaries/Win64/../../../Engine/Shaders/PositionOnlyDepthVertexShader.usf" 304
"C:/Program Files/Games/Epic Games/4.7/Engine/Binaries/Win64/../../../Engine/Shaders/DownsampleDepthPixelShader.usf" 305
"C:/Program Files/Games/Epic Games/4.7/Engine/Binaries/Win64/../../../Engine/Shaders/BasePassPixelShader.usf" 306
"C:/Program Files/Games/Epic Games/4.7/Engine/Binaries/Win64/../../../Engine/Shaders/BasePassCommon.usf" 307
"C:/Program Files/Games/Epic Games/4.7/Engine/Binaries/Win64/../../../Engine/Shaders/BasePassVertexShader.usf" 308
"C:/Program Files/Games/Epic Games/4.7/Engine/Binaries/Win64/../../../Engine/Shaders/BasePassVertexCommon.usf" 309
"C:/Program Files/Games/Epic Games/4.7/Engine/Binaries/Win64/../../../Engine/Shaders/BasePassTessellationShaders.usf" 310
"C:/Program Files/Games/Epic Games/4.7/Engine/Binaries/Win64/../../../Engine/Shaders/AtmospherePrecompute.usf" 311
"C:/Program Files/Games/Epic Games/4.7/Engine/Binaries/Win64/../../../Engine/Shaders/AtmospherePrecomputeCommon.usf" 312
"C:/Program Files/Games/Epic Games/4.7/Engine/Binaries/Win64/../../../Engine/Shaders/AtmospherePrecomputeInscatter.usf" 313
"C:/Program Files/Games/Epic Games/4.7/Engine/Binaries/Win64/../../../Engine/Shaders/AtmosphericFogShader.usf" 314
"C:/Program Files/Games/Epic Games/4.7/Engine/Binaries/Win64/../../../Engine/Shaders/ParticleSortKeyGen.usf" 315
"C:/Program Files/Games/Epic Games/4.7/Engine/Binaries/Win64/../../../Engine/Shaders/ParticleBoundsShader.usf" 316
"C:/Program Files/Games/Epic Games/4.7/Engine/Binaries/Win64/../../../Engine/Shaders/ParticleSimVisualizeShader.usf" 317
"C:/Program Files/Games/Epic Games/4.7/Engine/Binaries/Win64/../../../Engine/Shaders/ParticleInjectionShader.usf" 318
"C:/Program Files/Games/Epic Games/4.7/Engine/Binaries/Win64/../../../Engine/Shaders/ParticleSimulationShader.usf" 319
"C:/Program Files/Games/Epic Games/4.7/Engine/Binaries/Win64/../../../Engine/Shaders/ParticleCurveInjectionShader.usf" 320
"C:/Program Files/Games/Epic Games/4.7/Engine/Binaries/Win64/../../../Engine/Shaders/VectorFieldCompositeShaders.usf" 321
"C:/Program Files/Games/Epic Games/4.7/Engine/Binaries/Win64/../../../Engine/Shaders/UpdateTextureShaders.usf" 322
"C:/Program Files/Games/Epic Games/4.7/Engine/Binaries/Win64/../../../Engine/Shaders/SimpleElementColorChannelMaskPixelShader.usf" 323
"C:/Program Files/Games/Epic Games/4.7/Engine/Binaries/Win64/../../../Engine/Shaders/SimpleElementHitProxyPixelShader.usf" 324
"C:/Program Files/Games/Epic Games/4.7/Engine/Binaries/Win64/../../../Engine/Shaders/SimpleElementPixelShader.usf" 325
"C:/Program Files/Games/Epic Games/4.7/Engine/Binaries/Win64/../../../Engine/Shaders/ColorUtils.usf" 326
"C:/Program Files/Games/Epic Games/4.7/Engine/Binaries/Win64/../../../Engine/Shaders/SimpleElementVertexShader.usf" 327
"C:/Program Files/Games/Epic Games/4.7/Engine/Binaries/Win64/../../../Engine/Shaders/ScreenVertexShader.usf" 328
"C:/Program Files/Games/Epic Games/4.7/Engine/Binaries/Win64/../../../Engine/Shaders/ScreenPixelShader.usf" 329
"C:/Program Files/Games/Epic Games/4.7/Engine/Binaries/Win64/../../../Engine/Shaders/RadixSortShaders.usf" 330
"C:/Program Files/Games/Epic Games/4.7/Engine/Binaries/Win64/../../../Engine/Shaders/GpuSkinCacheComputeShader.usf" 331
"C:/Program Files/Games/Epic Games/4.7/Engine/Binaries/Win64/../../../Engine/Shaders/NullPixelShader.usf" 332
"C:/Program Files/Games/Epic Games/4.7/Engine/Binaries/Win64/../../../Engine/Shaders/ClearReplacementShaders.usf" 333
"C:/Program Files/Games/Epic Games/4.7/Engine/Binaries/Win64/../../../Engine/Shaders/SimpleElementTexture2DPreviewPixelShader.usf" 334
"C:/Program Files/Games/Epic Games/4.7/Engine/Binaries/Win64/../../../Engine/Shaders/SimpleElementNormalMapPixelShader.usf" 335
"C:/Program Files/Games/Epic Games/4.7/Engine/Binaries/Win64/../../../Engine/Shaders/meshpaintdilatepixelshader.usf" 336
"C:/Program Files/Games/Epic Games/4.7/Engine/Binaries/Win64/../../../Engine/Shaders/meshpaintdilatevertexshader.usf" 337
"C:/Program Files/Games/Epic Games/4.7/Engine/Binaries/Win64/../../../Engine/Shaders/MeshPaintPixelShader.usf" 338
"C:/Program Files/Games/Epic Games/4.7/Engine/Binaries/Win64/../../../Engine/Shaders/MeshPaintVertexShader.usf" 339
"../../../Engine/Config/Android/AndroidEngine.ini" 340
"../../../Engine/Config/HTML5/HTML5Engine.ini" 341
"../../../Engine/Config/IOS/IOSEngine.ini" 342
"../../../Engine/Config/Linux/LinuxEngine.ini" 343
"C:/Users/Jaksa/AppData/Local/UnrealEngine/4.7/DerivedDataCache/Boot.ddc" 344
"../../../Engine/DerivedDataCache/Compressed.ddp" 345
"../../../Engine/Content/EngineFonts/Roboto.uasset" 346
"../../../Engine/Content/EngineMaterials/Widget3DPassThrough_Translucent.uasset" 347
"../../../Engine/Content/EngineMaterials/Widget3DPassThrough.uasset" 348
"../../../Engine/Content/EngineResources/WhiteSquareTexture.uasset" 349
"../../../Engine/Content/Functions/Engine_MaterialFunctions01/Shading/PowerToRoughness.uasset" 350
"../../../Engine/Content/Functions/Engine_MaterialFunctions01/Shading/ConvertFromDiffSpec.uasset" 351
"../../../Engine/Content/EngineMaterials/WorldGridMaterial.uasset" 352
"../../../Engine/Content/Functions/Engine_MaterialFunctions01/Opacity/CameraDepthFade.uasset" 353
"../../../Engine/Content/EngineMaterials/T_Default_Material_Grid_M.uasset" 354
"../../../Engine/Content/EngineMaterials/T_Default_Material_Grid_N.uasset" 355
"../../../Engine/Content/EngineMaterials/DefaultDeferredDecalMaterial.uasset" 356
"../../../Engine/Content/EngineMaterials/DefaultDiffuse.uasset" 357
"../../../Engine/Content/EngineMaterials/DefaultLightFunctionMaterial.uasset" 358
"../../../Engine/Content/EngineMaterials/DefaultPostProcessMaterial.uasset" 359
"../../../Engine/Content/Functions/Engine_MaterialFunctions02/Utility/BreakOutFloat2Components.uasset" 360
"../../../Engine/Content/EngineResources/DefaultTexture.uasset" 361
"../../../Engine/Content/EngineMaterials/Widget3DPassThrough_Translucent_OneSided.uasset" 362
"../../../Engine/Content/EngineMaterials/Widget3DPassThrough_Opaque.uasset" 363
"../../../Engine/Content/EngineMaterials/Widget3DPassThrough_Opaque_OneSided.uasset" 364
"../../../Engine/Content/EditorResources/S_Actor.uasset" 365
"../../../Engine/Content/EditorLandscapeResources/DataLayer.uasset" 366
"../../../Engine/Content/Maps/Templates/Thumbnails/Default.uasset" 367
"../../../Engine/Content/EditorMaterials/ParticleSystems/PSysThumbnail_NoImage.uasset" 368
"../../../Engine/Content/EditorMaterials/ParticleSystems/PSysThumbnail_OOD.uasset" 369
"../../../Engine/Content/EngineDamageTypes/DmgTypeBP_Environmental.uasset" 370
"../../../Engine/Content/EngineMeshes/Sphere.uasset" 371
"../../../Engine/Content/EngineFonts/RobotoDistanceField.uasset" 372
"../../../Engine/Content/EngineMaterials/DefaultTextMaterialOpaque.uasset" 373
"../../../Engine/Content/EditorResources/S_Trigger.uasset" 374
"../../../Engine/Content/EngineResources/GradientTexture0.uasset" 375
"../../../Engine/Content/EngineResources/Black.uasset" 376
"../../../Engine/Content/EditorMaterials/MatineeGroups/MAT_Groups_Float.uasset" 377
"../../../Engine/Content/EditorMaterials/MatineeGroups/MAT_Groups_Director.uasset" 378
"../../../Engine/Content/EditorMaterials/MatineeGroups/MAT_Groups_Event.uasset" 379
"../../../Engine/Content/EditorMaterials/MatineeGroups/MAT_Groups_Anim.uasset" 380
"../../../Engine/Content/EditorMaterials/MatineeGroups/MAT_Groups_Fade.uasset" 381
"../../../Engine/Content/EditorMaterials/MatineeGroups/MAT_Groups_Move.uasset" 382
"../../../Engine/Content/EditorMaterials/MatineeGroups/MAT_Groups_Slomo.uasset" 383
"../../../Engine/Content/EditorMaterials/MatineeGroups/MAT_ColorTrack.uasset" 384
"../../../Engine/Content/EditorMaterials/MAT_Groups_Toggle.uasset" 385
"../../../Engine/Content/EditorMaterials/MatineeGroups/MAT_Groups_AudioMaster.uasset" 386
"../../../Engine/Content/EditorMaterials/MatineeGroups/MAT_Groups_Sound.uasset" 387
"../../../Engine/Content/EditorMaterials/MatineeGroups/MAT_Groups_Vector.uasset" 388
"../../../Engine/Content/EditorMaterials/MAT_Groups_Visibility.uasset" 389
"../../../Engine/Content/EngineResources/DefaultTextureCube.uasset" 390
"../../../Engine/Content/EngineSounds/Master.uasset" 391
"../../../Engine/Content/EngineSounds/Music.uasset" 392
"../../../Engine/Content/EngineSounds/SFX.uasset" 393
"../../../Engine/Content/EngineSounds/Normal_Attack.uasset" 394
"../../../Engine/Content/EngineSounds/Special_Attack_PSM.uasset" 395
"../../../Engine/Content/EngineSounds/Duck_Normal_Attack_MixMod.uasset" 396
"../../../Engine/Content/EngineSounds/Voice.uasset" 397
"../../../Engine/Content/EngineMeshes/Cylinder.uasset" 398
"../../../Engine/Content/EngineMaterials/DefaultMaterial.uasset" 399
"../../../Engine/Content/EngineTireTypes/DefaultTireType.uasset" 400
"../../../Engine/Content/Editor/Slate/Fonts/FontAwesome.ttf" 401
"../../../Engine/Content/Editor/Slate/Fonts/DroidSansMono.ttf" 402
"../../../Engine/Content/Editor/Slate/Fonts/Roboto-BoldCondensed.ttf" 403
"../../../Engine/Content/Editor/Slate/Fonts/Roboto-Black.ttf" 404
"../../../Engine/Content/Editor/Slate/Fonts/Roboto-Italic.ttf" 405
"../../../Engine/Content/Editor/Slate/Fonts/Roboto-BoldCondensedItalic.ttf" 406
"../../../Engine/Plugins/2D/Paper2D/Content/MaskedUnlitSpriteMaterial.uasset" 407
"../../../Engine/Plugins/2D/Paper2D/Content/DefaultSpriteMaterial.uasset" 408
"../../../Engine/Plugins/2D/Paper2D/Content/DummySpriteTexture.uasset" 409
"../../../Engine/Plugins/2D/Paper2D/Content/OpaqueUnlitSpriteMaterial.uasset" 410
"../../../Engine/Plugins/2D/Paper2D/Content/DefaultPaperTerrainMaterial.uasset" 411
"../../../Engine/Plugins/2D/Paper2D/Content/DummySprite.uasset" 412
"C:/Users/Jaksa/AppData/Local/UnrealEngine/4.7/Saved/Config/Windows/SourceControlSettings.ini" 413
"../../../../../../../Users/Jaksa/Documents/Unreal Projects/VRRunner/Intermediate/Config/CoalescedSourceConfigs/SourceControlSettings.ini" 414
"C:/Users/Jaksa/Documents/Unreal Projects/VRRunner/Saved/Config/Windows/SourceControlSettings.ini" 415
"../../../Engine/Content/EngineMaterials/RemoveSurfaceMaterial.uasset" 416
"../../../Engine/Content/EngineDebugMaterials/DebugMeshMaterial.uasset" 417
"../../../Engine/Content/EngineMaterials/M_InvalidLightmapSettings.uasset" 418
"../../../Engine/Content/EngineMaterials/InvalidLightmapSettings.uasset" 419
"../../../Engine/Content/EditorMaterials/GizmoMaterial.uasset" 420
"../../../Engine/Content/EngineMaterials/Good64x64TilingNoiseHighFreq.uasset" 421
"../../../Engine/Content/EngineMaterials/DefaultBokeh.uasset" 422
"../../../Engine/Content/EngineMaterials/PreintegratedSkinBRDF.uasset" 423
"../../../Engine/Content/EngineMaterials/MiniFont.uasset" 424
"../../../Engine/Content/EngineMaterials/WeightMapPlaceholderTexture.uasset" 425
"../../../Engine/Content/EngineMaterials/DefaultWhiteGrid.uasset" 426
"../../../Engine/Content/EngineMaterials/DefaultPhysicalMaterial.uasset" 427
"../../../Engine/Content/EngineFonts/RobotoTiny.uasset" 428
"../../../../../../../Users/Jaksa/Documents/Unreal Projects/VRRunner/Intermediate/CachedAssetRegistry.bin" 429
"../../../Engine/Content/MobileResources/HUD/VirtualJoystick_Thumb.uasset" 430
"../../../Engine/Content/MobileResources/HUD/VirtualJoystick_Background.uasset" 431
"../../../Engine/Content/MobileResources/HUD/T_Castle_ThumbstickOutter.uasset" 432
"../../../Engine/Content/MobileResources/HUD/T_Castle_ThumbstickInner.uasset" 433
"../../../Engine/Content/MobileResources/HUD/MobileHUDDirectionStick.uasset" 434
"../../../Engine/Content/MobileResources/HUD/MobileHUDDirectionPad3.uasset" 435
"../../../Engine/Content/MobileResources/HUD/MobileHUDDirectionPad2.uasset" 436
"../../../Engine/Content/MobileResources/HUD/MobileHUDDirectionPad.uasset" 437
"../../../Engine/Content/MobileResources/HUD/MobileHUDButtonFire.uasset" 438
"../../../Engine/Content/MobileResources/HUD/MobileHUDButton3.uasset" 439
"../../../Engine/Content/MobileResources/HUD/MobileHUDButton2_on.uasset" 440
"../../../Engine/Content/MobileResources/HUD/MobileHUDButton2_off.uasset" 441
"../../../Engine/Content/MobileResources/HUD/MobileHUDButton1_on.uasset" 442
"../../../Engine/Content/MobileResources/HUD/MobileHUDButton1_off.uasset" 443
"../../../Engine/Content/MobileResources/HUD/LeftVirtualJoystickOnly.uasset" 444
"../../../Engine/Content/MobileResources/HUD/DefaultVirtualJoysticks.uasset" 445
"../../../Engine/Content/MobileResources/HUD/AnalogHat.uasset" 446
"../../../Engine/Content/MobileResources/T_MobileMenu2.uasset" 447
"../../../Engine/Content/MobileResources/T_MobileControls_texture.uasset" 448
"../../../../../../../Users/Jaksa/Documents/Unreal Projects/VRRunner/Content/Jaksa/VRRunnerGameMode.uasset" 449
"../../../../../../../Users/Jaksa/Documents/Unreal Projects/VRRunner/Content/Jaksa/RunnerCharacter.uasset" 450
"../../../Engine/Content/Maps/Entry.umap" 451
"../../../Engine/Content/EngineMaterials/DefaultNormal.uasset" 452
"../../../../../../../Users/Jaksa/Documents/Unreal Projects/VRRunner/Content/Jaksa/VRRunner.umap" 453
"../../../Engine/Content/EngineSky/BP_Sky_Sphere.uasset" 454
"../../../Engine/Content/EditorBlueprintResources/StandardMacros.uasset" 455
"../../../Engine/Content/EngineSky/C_Sky_Cloud_Color.uasset" 456
"../../../Engine/Content/EngineSky/C_Sky_Horizon_Color.uasset" 457
"../../../Engine/Content/EngineSky/C_Sky_Zenith_Color.uasset" 458
"../../../Engine/Content/EngineSky/M_Sky_Panning_Clouds2.uasset" 459
"../../../Engine/Content/EngineSky/T_Sky_Blue.uasset" 460
"../../../Engine/Content/EngineSky/T_Sky_Clouds_M.uasset" 461
"../../../Engine/Content/EngineSky/T_Sky_Stars.uasset" 462
"../../../Engine/Content/EngineSky/SM_SkySphere.uasset" 463
"../../../../../../../Users/Jaksa/Documents/Unreal Projects/VRRunner/Content/Jaksa/proceduralbg1.uasset" 464
"../../../../../../../Users/Jaksa/Documents/Unreal Projects/VRRunner/Content/Jaksa/ProceduralPlatforms1.uasset" 465
"../../../../../../../Users/Jaksa/Documents/Unreal Projects/VRRunner/Content/StarterContent/Materials/M_Concrete_Tiles.uasset" 466
"../../../../../../../Users/Jaksa/Documents/Unreal Projects/VRRunner/Content/StarterContent/Textures/T_Concrete_Tiles_D.uasset" 467
"../../../../../../../Users/Jaksa/Documents/Unreal Projects/VRRunner/Content/StarterContent/Textures/T_Concrete_Tiles_M.uasset" 468
"../../../../../../../Users/Jaksa/Documents/Unreal Projects/VRRunner/Content/StarterContent/Textures/T_Concrete_Tiles_N.uasset" 469
"../../../../../../../Users/Jaksa/Documents/Unreal Projects/VRRunner/Content/StarterContent/Textures/T_Concrete_Tiles_Variation_M.uasset" 470
"../../../../../../../Users/Jaksa/Documents/Unreal Projects/VRRunner/Content/StarterContent/Textures/T_MacroVariation.uasset" 471
"../../../../../../../Users/Jaksa/Documents/Unreal Projects/VRRunner/Content/StarterContent/Shapes/Shape_Cube.uasset" 472
"../../../../../../../Users/Jaksa/Documents/Unreal Projects/VRRunner/Content/StarterContent/Materials/M_Basic_Wall.uasset" 473
"../../../../../../../Users/Jaksa/Documents/Unreal Projects/VRRunner/Content/Jaksa/ProceduralPlatforms2.uasset" 474
"../../../../../../../Users/Jaksa/Documents/Unreal Projects/VRRunner/Content/Jaksa/ProceduralPlatforms3.uasset" 475
"../../../../../../../Users/Jaksa/Documents/Unreal Projects/VRRunner/Content/Jaksa/ProceduralPlatforms4.uasset" 476
"../../../../../../../Users/Jaksa/Documents/Unreal Projects/VRRunner/Content/Jaksa/multiblock1.uasset" 477
"../../../../../../../Users/Jaksa/Documents/Unreal Projects/VRRunner/Content/Jaksa/Material.uasset" 478
"C:/Users/Jaksa/AppData/Local/UnrealEngine/Common/DerivedDataCache/1/2/5/TEXTURE_75F87CE100B546AAB8A1C4132AF9DB17_AUTODXT_3077E68D4234531A368E51BB488A3__CEB9598D43F8C3F9557E69C9CAED16B4D5FDCCF9.udd" 479
"C:/Users/Jaksa/AppData/Local/UnrealEngine/Common/DerivedDataCache/1/5/6/TEXTURE_75F87CE100B546AAB8A1C4132AF9DB17_AUTODXT_3077E68D4234531A368E51BB488A3__C385CEDD9131DA2EFC6B8A3AC34A6443C0CDD20E.udd" 480
"C:/Users/Jaksa/AppData/Local/UnrealEngine/Common/DerivedDataCache/7/2/2/TEXTURE_75F87CE100B546AAB8A1C4132AF9DB17_AUTODXT_0C649B7F488BCF090AD0CD906A897__B736AEC3E029FECE533FDAED39A4CBE26FE332AF.udd" 481
"C:/Users/Jaksa/AppData/Local/UnrealEngine/Common/DerivedDataCache/7/0/5/TEXTURE_75F87CE100B546AAB8A1C4132AF9DB17_AUTODXT_0C649B7F488BCF090AD0CD906A897__6FE28482858554411C8EA274A259967D474F5F90.udd" 482
"C:/Users/Jaksa/AppData/Local/UnrealEngine/Common/DerivedDataCache/1/3/3/TEXTURE_75F87CE100B546AAB8A1C4132AF9DB17_AUTODXT_3077E68D4234531A368E51BB488A3__A94EEC627EABCB5A8B62E0AE0C1DA320DF438718.udd" 483
"C:/Users/Jaksa/AppData/Local/UnrealEngine/Common/DerivedDataCache/6/5/5/TEXTURE_75F87CE100B546AAB8A1C4132AF9DB17_AUTODXT_3077E68D4234531A368E51BB488A3__CC059A9343A6F5D4F82BEF527D4C3F29EE32FB24.udd" 484
"C:/Users/Jaksa/AppData/Local/UnrealEngine/Common/DerivedDataCache/5/1/2/TEXTURE_75F87CE100B546AAB8A1C4132AF9DB17_AUTODXT_3077E68D4234531A368E51BB488A3__FC739638EB2353A85D3C08CB5F378032BB5A0B06.udd" 485
"C:/Users/Jaksa/AppData/Local/UnrealEngine/Common/DerivedDataCache/4/1/5/TEXTURE_75F87CE100B546AAB8A1C4132AF9DB17_AUTODXT_0C649B7F488BCF090AD0CD906A897__DB3DC4744F12038F27486215914CD2B866FCE5E1.udd" 486
"C:/Users/Jaksa/AppData/Local/UnrealEngine/Common/DerivedDataCache/1/3/7/TEXTURE_75F87CE100B546AAB8A1C4132AF9DB17_AUTODXT_3077E68D4234531A368E51BB488A3__F9C231A72CF410441573CF9C6A7943CA846B9279.udd" 487
"C:/Users/Jaksa/AppData/Local/UnrealEngine/Common/DerivedDataCache/2/6/6/TEXTURE_75F87CE100B546AAB8A1C4132AF9DB17_BC5_31E3254541B0F4B3818982A9CE512366___711E9314D6A1D66C6A3316CC68FFDB00F97EFC07.udd" 488
"C:/Users/Jaksa/AppData/Local/UnrealEngine/Common/DerivedDataCache/2/4/9/TEXTURE_75F87CE100B546AAB8A1C4132AF9DB17_BC5_31E3254541B0F4B3818982A9CE512366___DD623C0F7D3CB4665250690CBB009CA9CEE41B71.udd" 489
"C:/Users/Jaksa/AppData/Local/UnrealEngine/Common/DerivedDataCache/1/0/4/TEXTURE_75F87CE100B546AAB8A1C4132AF9DB17_AUTODXT_0C649B7F488BCF090AD0CD906A897__869F15BF05356A66EB8946D394A103CDDF90D69E.udd" 490
"C:/Users/Jaksa/AppData/Local/UnrealEngine/Common/DerivedDataCache/0/9/4/TEXTURE_75F87CE100B546AAB8A1C4132AF9DB17_AUTODXT_0C649B7F488BCF090AD0CD906A897__DBE01E38963E0C3F3A7DF38B71B111F2E101A2CF.udd" 491
"C:/Users/Jaksa/AppData/Local/UnrealEngine/Common/DerivedDataCache/1/1/8/TEXTURE_75F87CE100B546AAB8A1C4132AF9DB17_AUTODXT_0C649B7F488BCF090AD0CD906A897__5B6144BE36B187F69FDFEAD77F801581D1F893A5.udd" 492
"C:/Users/Jaksa/AppData/Local/UnrealEngine/Common/DerivedDataCache/5/8/7/TEXTURE_75F87CE100B546AAB8A1C4132AF9DB17_AUTODXT_3DBDC4DF4F7A6280CD3EE2989F97D__67065338D9E31E1B0FA293CEFA1E393E27FB0182.udd" 493
"C:/Users/Jaksa/AppData/Local/UnrealEngine/Common/DerivedDataCache/4/4/0/TEXTURE_75F87CE100B546AAB8A1C4132AF9DB17_AUTODXT_3DBDC4DF4F7A6280CD3EE2989F97D__A71EB7FE044334681AC0C517FB574A80ED2D50F4.udd" 494
"C:/Users/Jaksa/AppData/Local/UnrealEngine/Common/DerivedDataCache/9/9/8/MATSM_85DD00DAF10D45C79D4ED0306AF2628B_PCD3D_SM5_2__BC5N_DEV_SL_NODBUFB00AB02D__4641116AB87E9BCD771F0724378B7E18980DF443.udd" 495
"C:/Users/Jaksa/AppData/Local/UnrealEngine/Common/DerivedDataCache/8/3/2/MATSM_85DD00DAF10D45C79D4ED0306AF2628B_PCD3D_SM4_2__BC5N_DEV_SL_NODBUFB00AB02D__F6FF52B3E56AC3A357EF55359B9EB0BE64697E29.udd" 496
"C:/Users/Jaksa/AppData/Local/UnrealEngine/Common/DerivedDataCache/8/4/6/TEXTURE_75F87CE100B546AAB8A1C4132AF9DB17_AUTODXT_3DBDC4DF4F7A6280CD3EE2989F97D__900B798079502663DCC0697F5108D37BF1B6547C.udd" 497
"C:/Users/Jaksa/AppData/Local/UnrealEngine/Common/DerivedDataCache/9/1/3/TEXTURE_75F87CE100B546AAB8A1C4132AF9DB17_AUTODXT_3DBDC4DF4F7A6280CD3EE2989F97D__328D4AD497BF3C3A73448085446020900DE2F762.udd" 498
"C:/Users/Jaksa/AppData/Local/UnrealEngine/Common/DerivedDataCache/4/0/9/TEXTURE_75F87CE100B546AAB8A1C4132AF9DB17_BC5_31E3254541B0F4B3818982A9CE512366___99F3D7D6A5506818256F1DDC438F40D144427BA1.udd" 499
"C:/Users/Jaksa/AppData/Local/UnrealEngine/Common/DerivedDataCache/8/0/5/MATSM_85DD00DAF10D45C79D4ED0306AF2628B_PCD3D_SM5_2__BC5N_DEV_SL_NODBUF296F06CB__01C3C898C316B6276CCA7927B8477C663DB1AC10.udd" 500
"C:/Users/Jaksa/AppData/Local/UnrealEngine/Common/DerivedDataCache/2/2/8/TEXTURE_75F87CE100B546AAB8A1C4132AF9DB17_BC5_31E3254541B0F4B3818982A9CE512366___8511CA2046644CD9CF8C344ADEA3D69365B06381.udd" 501
"C:/Users/Jaksa/AppData/Local/UnrealEngine/Common/DerivedDataCache/2/2/2/TEXTURE_75F87CE100B546AAB8A1C4132AF9DB17_BC5_31E3254541B0F4B3818982A9CE512366___ADEC32A7F054FE829EDD84DF64C3BC9AC32B7F28.udd" 502
"C:/Users/Jaksa/AppData/Local/UnrealEngine/Common/DerivedDataCache/7/8/7/TEXTURE_75F87CE100B546AAB8A1C4132AF9DB17_BC5_31E3254541B0F4B3818982A9CE512366___1F3F642E93B9D04D7CEE5949647CF6488E7F9C7C.udd" 503
"C:/Users/Jaksa/AppData/Local/UnrealEngine/Common/DerivedDataCache/3/6/1/MATSM_85DD00DAF10D45C79D4ED0306AF2628B_PCD3D_SM4_2__BC5N_DEV_SL_NODBUF296F06CB__429B5AC34D15BD853DB7AA208FCEEBDD514C242E.udd" 504
"C:/Users/Jaksa/AppData/Local/UnrealEngine/Common/DerivedDataCache/3/7/1/STATICMESH_46A8778361B442A9523C54440EA1E9D_2C1BC8F50A7A43818AFE266EB43D9060_E3__D5D52BCE775230B6C3442ADFFBB597D293318730.udd" 505
"C:/Users/Jaksa/AppData/Local/UnrealEngine/Common/DerivedDataCache/7/8/6/PHYSX_$7B1F0627AE$2DABEB$2D4206$2D8D78$2DE16BEB5DDC7E$7D_PHYSXPC_B76FD1FA4C50F__0C4325B56D6A3EE0A0D3FC7F63938C4D24EEADBA.udd" 506
"C:/Users/Jaksa/AppData/Local/UnrealEngine/Common/DerivedDataCache/0/1/7/PHYSX_$7B1F0627AE$2DABEB$2D4206$2D8D78$2DE16BEB5DDC7E$7D_PHYSXPC_B1AFFD7642C1907754B0F7A70CDCBB29__1_0_13075_0.udd" 507
"C:/Users/Jaksa/AppData/Local/UnrealEngine/Common/DerivedDataCache/2/3/5/PHYSX_$7B1F0627AE$2DABEB$2D4206$2D8D78$2DE16BEB5DDC7E$7D_PHYSXPC_7BC4B1674C614ADCF1EDD5BD0B0C7E33__1_0_13075_0.udd" 508
"C:/Users/Jaksa/AppData/Local/UnrealEngine/Common/DerivedDataCache/5/8/4/PHYSX_$7B1F0627AE$2DABEB$2D4206$2D8D78$2DE16BEB5DDC7E$7D_PHYSXPC_C1CCD38C45E17E666652568E40FF1E66__1_0_13075_0.udd" 509
"C:/Users/Jaksa/AppData/Local/UnrealEngine/Common/DerivedDataCache/6/0/0/PHYSX_$7B1F0627AE$2DABEB$2D4206$2D8D78$2DE16BEB5DDC7E$7D_PHYSXPC_193790964D0A97B2B5AE40AD89E376E2__1_0_13075_0.udd" 510
"C:/Users/Jaksa/AppData/Local/UnrealEngine/Common/DerivedDataCache/2/4/3/PHYSX_$7B1F0627AE$2DABEB$2D4206$2D8D78$2DE16BEB5DDC7E$7D_PHYSXPC_19C8EC344214A3E462EFCAA04970FF2E__1_0_13075_0.udd" 511
"C:/Users/Jaksa/AppData/Local/UnrealEngine/Common/DerivedDataCache/6/7/7/PHYSX_$7B1F0627AE$2DABEB$2D4206$2D8D78$2DE16BEB5DDC7E$7D_PHYSXPC_E80C19D84C5A7B23FB1377AD82C95FB0__1_0_13075_0.udd" 512
"C:/Users/Jaksa/AppData/Local/UnrealEngine/Common/DerivedDataCache/5/7/8/MATSM_85DD00DAF10D45C79D4ED0306AF2628B_PCD3D_SM5_2__BC5N_DEV_SL_NODBUF8C93D3E1__6D27B3870234A9AF754434A82E882C3C8033528A.udd" 513
"C:/Users/Jaksa/AppData/Local/UnrealEngine/Common/DerivedDataCache/2/3/7/MATSM_85DD00DAF10D45C79D4ED0306AF2628B_PCD3D_SM4_2__BC5N_DEV_SL_NODBUF8C93D3E1__DC1B8929DC7DED4962B1E9F4A254F23F5ED89EAE.udd" 514
"C:/Users/Jaksa/AppData/Local/UnrealEngine/Common/DerivedDataCache/9/4/6/PHYSX_$7B1F0627AE$2DABEB$2D4206$2D8D78$2DE16BEB5DDC7E$7D_PHYSXPC_56E9C78241E6D1811FB2E0B4906EDC35__1_0_13075_0.udd" 515
"C:/Users/Jaksa/AppData/Local/UnrealEngine/Common/DerivedDataCache/2/5/2/STATICMESH_46A8778361B442A9523C54440EA1E9D_2C1BC8F50A7A43818AFE266EB43D9060_3E__16C54E664DC8E8496D8CA9F121765DB2A5E91E98.udd" 516
"C:/Users/Jaksa/AppData/Local/UnrealEngine/Common/DerivedDataCache/6/4/9/PHYSX_$7B1F0627AE$2DABEB$2D4206$2D8D78$2DE16BEB5DDC7E$7D_PHYSXPC_8104A243410D1__5BD840C6A8B908274EAB3791D7606B6E8650C65A.udd" 517
"C:/Users/Jaksa/AppData/Local/UnrealEngine/Common/DerivedDataCache/0/0/8/PHYSX_$7B1F0627AE$2DABEB$2D4206$2D8D78$2DE16BEB5DDC7E$7D_PHYSXPC_E00888494DA34FEE49620C81DBB8A945__1_0_13075_0.udd" 518
"C:/Users/Jaksa/AppData/Local/UnrealEngine/Common/DerivedDataCache/3/7/3/PHYSX_$7B1F0627AE$2DABEB$2D4206$2D8D78$2DE16BEB5DDC7E$7D_PHYSXPC_1594A5C2475131C3052FCBAC391A71BD__1_0_13075_0.udd" 519
"C:/Users/Jaksa/AppData/Local/UnrealEngine/Common/DerivedDataCache/4/5/6/PHYSX_$7B1F0627AE$2DABEB$2D4206$2D8D78$2DE16BEB5DDC7E$7D_PHYSXPC_1F03C0DD48B3F9FF3A7F2296B92B2746__1_0_13075_0.udd" 520
"C:/Users/Jaksa/AppData/Local/UnrealEngine/Common/DerivedDataCache/5/0/7/PHYSX_$7B1F0627AE$2DABEB$2D4206$2D8D78$2DE16BEB5DDC7E$7D_PHYSXPC_CECFCA374A3826C242AD82A2D182E358__1_0_13075_0.udd" 521
"C:/Users/Jaksa/AppData/Local/UnrealEngine/Common/DerivedDataCache/6/7/9/PHYSX_$7B1F0627AE$2DABEB$2D4206$2D8D78$2DE16BEB5DDC7E$7D_PHYSXPC_EA2F85104F019A6DE2316296FB53064C__1_0_13075_0.udd" 522
"C:/Users/Jaksa/AppData/Local/UnrealEngine/Common/DerivedDataCache/8/7/9/PHYSX_$7B1F0627AE$2DABEB$2D4206$2D8D78$2DE16BEB5DDC7E$7D_PHYSXPC_07D9C98846E46BC9C30E7DAD2495F2D4__1_0_13075_0.udd" 523
"C:/Users/Jaksa/AppData/Local/UnrealEngine/Common/DerivedDataCache/9/2/5/PHYSX_$7B1F0627AE$2DABEB$2D4206$2D8D78$2DE16BEB5DDC7E$7D_PHYSXPC_F4EA010C4136CDFA0936619B9EAD0E78__1_0_13075_0.udd" 524
"C:/Users/Jaksa/AppData/Local/UnrealEngine/Common/DerivedDataCache/1/1/8/PHYSX_$7B1F0627AE$2DABEB$2D4206$2D8D78$2DE16BEB5DDC7E$7D_PHYSXPC_7C2753A744971D85AE1879B306E13C7E__1_0_13075_0.udd" 525
"C:/Users/Jaksa/AppData/Local/UnrealEngine/Common/DerivedDataCache/9/9/0/PHYSX_$7B1F0627AE$2DABEB$2D4206$2D8D78$2DE16BEB5DDC7E$7D_PHYSXPC_8EA38A4B40E08CBE2F606EB4188B93CB__1_0_13075_0.udd" 526
"../../../Engine/Content/EditorResources/EmptyActor.uasset" 527
"../../../Engine/Content/EditorResources/LightIcons/S_LightError.uasset" 528
"../../../../../../../Users/Jaksa/Documents/Unreal Projects/VRRunner/Content/StarterContent/Textures/T_Wood_A_S.uasset" 529
"../../../../../../../Users/Jaksa/Documents/Unreal Projects/VRRunner/Content/StarterContent/Textures/T_Wood_A_N.uasset" 530
"../../../../../../../Users/Jaksa/Documents/Unreal Projects/VRRunner/Content/StarterContent/Textures/T_Wood_a_d.uasset" 531
"../../../../../../../Users/Jaksa/Documents/Unreal Projects/VRRunner/Content/StarterContent/Textures/T_White_Painted_Metal_N.uasset" 532
"../../../../../../../Users/Jaksa/Documents/Unreal Projects/VRRunner/Content/StarterContent/Textures/T_White_Painted_Metal_D.uasset" 533
"../../../../../../../Users/Jaksa/Documents/Unreal Projects/VRRunner/Content/StarterContent/Textures/T_UNV_Concrete02_N.uasset" 534
"../../../../../../../Users/Jaksa/Documents/Unreal Projects/VRRunner/Content/StarterContent/Textures/T_UNV_Concrete02.uasset" 535
"../../../../../../../Users/Jaksa/Documents/Unreal Projects/VRRunner/Content/StarterContent/Textures/T_Underground_Base_Pipe_N.uasset" 536
"../../../../../../../Users/Jaksa/Documents/Unreal Projects/VRRunner/Content/StarterContent/Textures/T_Underground_Base_Pipe_D.uasset" 537
"../../../../../../../Users/Jaksa/Documents/Unreal Projects/VRRunner/Content/StarterContent/Textures/T_Stone_Brick_N.uasset" 538
"../../../../../../../Users/Jaksa/Documents/Unreal Projects/VRRunner/Content/StarterContent/Textures/T_Stone_Brick_D.uasset" 539
"../../../../../../../Users/Jaksa/Documents/Unreal Projects/VRRunner/Content/StarterContent/Textures/T_Sky_Stars.uasset" 540
"../../../../../../../Users/Jaksa/Documents/Unreal Projects/VRRunner/Content/StarterContent/Textures/T_Sky_Clouds_M.uasset" 541
"../../../../../../../Users/Jaksa/Documents/Unreal Projects/VRRunner/Content/StarterContent/Textures/T_Rock_Detail_03_D.uasset" 542
"../../../../../../../Users/Jaksa/Documents/Unreal Projects/VRRunner/Content/StarterContent/Textures/T_Rock_Detail_02_N.uasset" 543
"../../../../../../../Users/Jaksa/Documents/Unreal Projects/VRRunner/Content/StarterContent/Textures/T_Rock_Detail_02_D.uasset" 544
"../../../../../../../Users/Jaksa/Documents/Unreal Projects/VRRunner/Content/StarterContent/Textures/T_Rock_11b_D.uasset" 545
"../../../../../../../Users/Jaksa/Documents/Unreal Projects/VRRunner/Content/StarterContent/Textures/T_Rock_10_N.uasset" 546
"../../../../../../../Users/Jaksa/Documents/Unreal Projects/VRRunner/Content/StarterContent/Textures/T_Rock_10_D.uasset" 547
"../../../../../../../Users/Jaksa/Documents/Unreal Projects/VRRunner/Content/StarterContent/Textures/T_Rock_09_D.uasset" 548
"../../../../../../../Users/Jaksa/Documents/Unreal Projects/VRRunner/Content/StarterContent/Textures/T_Rock_08_N.uasset" 549
"../../../../../../../Users/Jaksa/Documents/Unreal Projects/VRRunner/Content/StarterContent/Textures/T_Rock_08_D.uasset" 550
"../../../../../../../Users/Jaksa/Documents/Unreal Projects/VRRunner/Content/StarterContent/Textures/T_Rock_07_N.uasset" 551
"../../../../../../../Users/Jaksa/Documents/Unreal Projects/VRRunner/Content/StarterContent/Textures/T_Rock_07_D.uasset" 552
"../../../../../../../Users/Jaksa/Documents/Unreal Projects/VRRunner/Content/StarterContent/Textures/T_Rock_07b_D.uasset" 553
"../../../../../../../Users/Jaksa/Documents/Unreal Projects/VRRunner/Content/StarterContent/Textures/T_Rock_06_N.uasset" 554
"../../../../../../../Users/Jaksa/Documents/Unreal Projects/VRRunner/Content/StarterContent/Textures/T_Rock_06_D.uasset" 555
"../../../../../../../Users/Jaksa/Documents/Unreal Projects/VRRunner/Content/StarterContent/Textures/T_Rock_05_N.uasset" 556
"../../../../../../../Users/Jaksa/Documents/Unreal Projects/VRRunner/Content/StarterContent/Textures/T_Rock_05_D.uasset" 557
"../../../../../../../Users/Jaksa/Documents/Unreal Projects/VRRunner/Content/StarterContent/Textures/T_Rock_03_N.uasset" 558
"../../../../../../../Users/Jaksa/Documents/Unreal Projects/VRRunner/Content/StarterContent/Textures/T_Rock_03_D.uasset" 559
"../../../../../../../Users/Jaksa/Documents/Unreal Projects/VRRunner/Content/StarterContent/Textures/T_Rock_01_N.uasset" 560
"../../../../../../../Users/Jaksa/Documents/Unreal Projects/VRRunner/Content/StarterContent/Textures/T_Rock_01_D.uasset" 561
"../../../../../../../Users/Jaksa/Documents/Unreal Projects/VRRunner/Content/StarterContent/Textures/T_Rocky_01_N.uasset" 562
"../../../../../../../Users/Jaksa/Documents/Unreal Projects/VRRunner/Content/StarterContent/Textures/T_PatchyGrass_N.uasset" 563
"../../../../../../../Users/Jaksa/Documents/Unreal Projects/VRRunner/Content/StarterContent/Textures/T_PatchyGrass_D.uasset" 564
"../../../../../../../Users/Jaksa/Documents/Unreal Projects/VRRunner/Content/StarterContent/Textures/T_Paint_Metal_Rust_N.uasset" 565
"../../../../../../../Users/Jaksa/Documents/Unreal Projects/VRRunner/Content/StarterContent/Textures/T_Paint_Metal_Rust_D.uasset" 566
"../../../../../../../Users/Jaksa/Documents/Unreal Projects/VRRunner/Content/StarterContent/Textures/T_PaintedMetal01_N.uasset" 567
"../../../../../../../Users/Jaksa/Documents/Unreal Projects/VRRunner/Content/StarterContent/Textures/T_PaintedMetal01.uasset" 568
"../../../../../../../Users/Jaksa/Documents/Unreal Projects/VRRunner/Content/StarterContent/Textures/T_Metal_Scuffed_N.uasset" 569
"../../../../../../../Users/Jaksa/Documents/Unreal Projects/VRRunner/Content/StarterContent/Textures/T_Metal_Scuffed_D.uasset" 570
"../../../../../../../Users/Jaksa/Documents/Unreal Projects/VRRunner/Content/StarterContent/Textures/T_Metal_Rust_01_N.uasset" 571
"../../../../../../../Users/Jaksa/Documents/Unreal Projects/VRRunner/Content/StarterContent/Textures/T_Metal_Rust_01_D.uasset" 572
"../../../../../../../Users/Jaksa/Documents/Unreal Projects/VRRunner/Content/StarterContent/Textures/T_Metal_Painted_04_N.uasset" 573
"../../../../../../../Users/Jaksa/Documents/Unreal Projects/VRRunner/Content/StarterContent/Textures/T_Metal_Painted_04_D.uasset" 574
"../../../../../../../Users/Jaksa/Documents/Unreal Projects/VRRunner/Content/StarterContent/Textures/T_Metal_Metal03_N.uasset" 575
"../../../../../../../Users/Jaksa/Documents/Unreal Projects/VRRunner/Content/StarterContent/Textures/T_Metal_Metal03_D.uasset" 576
"../../../../../../../Users/Jaksa/Documents/Unreal Projects/VRRunner/Content/StarterContent/Textures/T_Metal_Metal01_N.uasset" 577
"../../../../../../../Users/Jaksa/Documents/Unreal Projects/VRRunner/Content/StarterContent/Textures/T_Metal_Metal01_D.uasset" 578
"../../../../../../../Users/Jaksa/Documents/Unreal Projects/VRRunner/Content/StarterContent/Textures/T_Metal_Dark_Gun_metal_N.uasset" 579
"../../../../../../../Users/Jaksa/Documents/Unreal Projects/VRRunner/Content/StarterContent/Textures/T_Metal_Dark_Gun_metal_E.uasset" 580
"../../../../../../../Users/Jaksa/Documents/Unreal Projects/VRRunner/Content/StarterContent/Textures/T_Ground_Noise_N.uasset" 581
"../../../../../../../Users/Jaksa/Documents/Unreal Projects/VRRunner/Content/StarterContent/Textures/T_Ground_Dirt_N.uasset" 582
"../../../../../../../Users/Jaksa/Documents/Unreal Projects/VRRunner/Content/StarterContent/Textures/T_Ground_Dirt_D.uasset" 583
"../../../../../../../Users/Jaksa/Documents/Unreal Projects/VRRunner/Content/StarterContent/Textures/T_Ground_Detail_N.uasset" 584
"../../../../../../../Users/Jaksa/Documents/Unreal Projects/VRRunner/Content/StarterContent/Textures/T_Ground_02_N.uasset" 585
"../../../../../../../Users/Jaksa/Documents/Unreal Projects/VRRunner/Content/StarterContent/Textures/T_Ground_02_D.uasset" 586
"../../../../../../../Users/Jaksa/Documents/Unreal Projects/VRRunner/Content/StarterContent/Textures/T_Ground_01_N.uasset" 587
"../../../../../../../Users/Jaksa/Documents/Unreal Projects/VRRunner/Content/StarterContent/Textures/T_Ground_01_D.uasset" 588
"../../../../../../../Users/Jaksa/Documents/Unreal Projects/VRRunner/Content/StarterContent/Textures/T_Gravel_N.uasset" 589
"../../../../../../../Users/Jaksa/Documents/Unreal Projects/VRRunner/Content/StarterContent/Textures/T_Gravel_D.uasset" 590
"../../../../../../../Users/Jaksa/Documents/Unreal Projects/VRRunner/Content/StarterContent/Textures/T_Generic_Concrete_Base_07_N.uasset" 591
"../../../../../../../Users/Jaksa/Documents/Unreal Projects/VRRunner/Content/StarterContent/Textures/T_Generic_Concrete_Base_07.uasset" 592
"../../../../../../../Users/Jaksa/Documents/Unreal Projects/VRRunner/Content/StarterContent/Textures/T_Generic_Concrete_Base_06_N.uasset" 593
"../../../../../../../Users/Jaksa/Documents/Unreal Projects/VRRunner/Content/StarterContent/Textures/T_Generic_Concrete_Base_06.uasset" 594
"../../../../../../../Users/Jaksa/Documents/Unreal Projects/VRRunner/Content/StarterContent/Textures/T_Generic_Concrete_Base04_N.uasset" 595
"../../../../../../../Users/Jaksa/Documents/Unreal Projects/VRRunner/Content/StarterContent/Textures/T_Generic_Concrete_Base04_D.uasset" 596
"../../../../../../../Users/Jaksa/Documents/Unreal Projects/VRRunner/Content/StarterContent/Textures/T_Generic_Concrete_Base02_N.uasset" 597
"../../../../../../../Users/Jaksa/Documents/Unreal Projects/VRRunner/Content/StarterContent/Textures/T_Generic_Concrete_Base02.uasset" 598
"../../../../../../../Users/Jaksa/Documents/Unreal Projects/VRRunner/Content/StarterContent/Textures/T_Dirt_N.uasset" 599
"../../../../../../../Users/Jaksa/Documents/Unreal Projects/VRRunner/Content/StarterContent/Textures/T_Dirt_D.uasset" 600
"../../../../../../../Users/Jaksa/Documents/Unreal Projects/VRRunner/Content/StarterContent/Textures/T_DesertCrystal01_N.uasset" 601
"../../../../../../../Users/Jaksa/Documents/Unreal Projects/VRRunner/Content/StarterContent/Textures/T_Concrete_Wall_N.uasset" 602
"../../../../../../../Users/Jaksa/Documents/Unreal Projects/VRRunner/Content/StarterContent/Textures/T_Concrete_Wall_D.uasset" 603
"../../../../../../../Users/Jaksa/Documents/Unreal Projects/VRRunner/Content/StarterContent/Textures/T_Concrete_Wall07_N.uasset" 604
"../../../../../../../Users/Jaksa/Documents/Unreal Projects/VRRunner/Content/StarterContent/Textures/T_Concrete_Wall07.uasset" 605
"../../../../../../../Users/Jaksa/Documents/Unreal Projects/VRRunner/Content/StarterContent/Textures/T_Concrete_N.uasset" 606
"../../../../../../../Users/Jaksa/Documents/Unreal Projects/VRRunner/Content/StarterContent/Textures/T_Concrete_Floor01_N.uasset" 607
"../../../../../../../Users/Jaksa/Documents/Unreal Projects/VRRunner/Content/StarterContent/Textures/T_Concrete_Floor01.uasset" 608
"../../../../../../../Users/Jaksa/Documents/Unreal Projects/VRRunner/Content/StarterContent/Textures/T_Concrete_D.uasset" 609
"../../../../../../../Users/Jaksa/Documents/Unreal Projects/VRRunner/Content/StarterContent/Textures/T_Concrete_01_N.uasset" 610
"../../../../../../../Users/Jaksa/Documents/Unreal Projects/VRRunner/Content/StarterContent/Textures/T_Concrete_01_D.uasset" 611
"../../../../../../../Users/Jaksa/Documents/Unreal Projects/VRRunner/Content/StarterContent/Textures/T_Concrete01_N.uasset" 612
"../../../../../../../Users/Jaksa/Documents/Unreal Projects/VRRunner/Content/StarterContent/Textures/T_Concrete01_D.uasset" 613
"../../../../../../../Users/Jaksa/Documents/Unreal Projects/VRRunner/Content/StarterContent/Textures/T_Cobble_01_H.uasset" 614
"../../../../../../../Users/Jaksa/Documents/Unreal Projects/VRRunner/Content/StarterContent/Textures/T_CobbleStone_04_R.uasset" 615
"../../../../../../../Users/Jaksa/Documents/Unreal Projects/VRRunner/Content/StarterContent/Textures/T_CobbleStone_04_N.uasset" 616
"../../../../../../../Users/Jaksa/Documents/Unreal Projects/VRRunner/Content/StarterContent/Textures/T_CobbleStone_04_D.uasset" 617
"../../../../../../../Users/Jaksa/Documents/Unreal Projects/VRRunner/Content/StarterContent/Textures/T_CobbleStone_04b_D.uasset" 618
"../../../../../../../Users/Jaksa/Documents/Unreal Projects/VRRunner/Content/StarterContent/Textures/T_CobbleDark_01_D.uasset" 619
"../../../../../../../Users/Jaksa/Documents/Unreal Projects/VRRunner/Content/StarterContent/Textures/T_Cliff_N.uasset" 620
"../../../../../../../Users/Jaksa/Documents/Unreal Projects/VRRunner/Content/StarterContent/Textures/T_Cliff_M.uasset" 621
"../../../../../../../Users/Jaksa/Documents/Unreal Projects/VRRunner/Content/StarterContent/Textures/T_Base_Metal_Gray_N.uasset" 622
"../../../../../../../Users/Jaksa/Documents/Unreal Projects/VRRunner/Content/StarterContent/Textures/T_Base_Metal_Gray_D.uasset" 623
"../../../../../../../Users/Jaksa/Documents/Unreal Projects/VRRunner/Content/StarterContent/Textures/T_Bark02_N.uasset" 624
"../../../../../../../Users/Jaksa/Documents/Unreal Projects/VRRunner/Content/StarterContent/Textures/T_Bark02_D.uasset" 625
"../../../../../../../Users/Jaksa/Documents/Unreal Projects/VRRunner/Content/StarterContent/Textures/T_ArmorMetal01_N.uasset" 626
"../../../../../../../Users/Jaksa/Documents/Unreal Projects/VRRunner/Content/StarterContent/Textures/T_ArmorMetal01.uasset" 627
"../../../../../../../Users/Jaksa/Documents/Unreal Projects/VRRunner/Content/StarterContent/Textures/Sky54a2048LDR.uasset" 628
"../../../../../../../Users/Jaksa/Documents/Unreal Projects/VRRunner/Content/StarterContent/Textures/Sky54a2048.uasset" 629
"../../../../../../../Users/Jaksa/Documents/Unreal Projects/VRRunner/Content/StarterContent/Textures/Metal_Tile_2_N.uasset" 630
"../../../../../../../Users/Jaksa/Documents/Unreal Projects/VRRunner/Content/StarterContent/Textures/Metal_Tile_2.uasset" 631
"../../../../../../../Users/Jaksa/Documents/Unreal Projects/VRRunner/Content/StarterContent/Architecture/SM_FloorPiece500x500.uasset" 632
"../../../../../../../Users/Jaksa/Documents/Unreal Projects/VRRunner/Content/StarterContent/Architecture/SM_CeilingPiece500x500.uasset" 633
"../../../../../../../Users/Jaksa/Documents/Unreal Projects/VRRunner/Content/Jaksa/RunnerController.uasset" 634
"../../../../../../../Users/Jaksa/Documents/Unreal Projects/VRRunner/Content/FirstPersonBP/Meshes/FirstPerson_ProjectileMesh.uasset" 635
"../../../Engine/Content/TemplateResources/MI_Template_BaseOrange.uasset" 636
"../../../Engine/Content/TemplateResources/M_Template_Master.uasset" 637
"C:/Users/Jaksa/AppData/Local/UnrealEngine/Common/DerivedDataCache/0/1/9/PHYSX_$7B1F0627AE$2DABEB$2D4206$2D8D78$2DE16BEB5DDC7E$7D_PHYSXPC_890E85634807A__CA13636657256BB6D9CA2F677764BC0043E759F8.udd" 638
"../../../../../../../Users/Jaksa/Documents/Unreal Projects/VRRunner/Content/FirstPersonBP/Meshes/FirstPersonCube_Rounded.uasset" 639
"../../../../../../../Users/Jaksa/Documents/Unreal Projects/VRRunner/Content/FirstPersonBP/Meshes/CubeMesh.uasset" 640
"../../../../../../../Users/Jaksa/Documents/Unreal Projects/VRRunner/Content/FirstPersonBP/Meshes/CubeMaterial.uasset" 641
"C:/Users/Jaksa/AppData/Local/UnrealEngine/Common/DerivedDataCache/7/8/8/MATSM_85DD00DAF10D45C79D4ED0306AF2628B_PCD3D_SM5_2__BC5N_DEV_SL_NODBUF98232BD9__18FCC7BEFC058F3FE56A01C93DCA085181FD2547.udd" 642
"C:/Users/Jaksa/AppData/Local/UnrealEngine/Common/DerivedDataCache/1/3/1/MATSM_85DD00DAF10D45C79D4ED0306AF2628B_PCD3D_SM4_2__BC5N_DEV_SL_NODBUF98232BD9__FA45E607D23E112A3C409E5DE9DB4E43C9AE0E8E.udd" 643
"C:/Users/Jaksa/AppData/Local/UnrealEngine/Common/DerivedDataCache/2/3/1/PHYSX_$7B1F0627AE$2DABEB$2D4206$2D8D78$2DE16BEB5DDC7E$7D_PHYSXPC_925CE7804D916__AA3F90C3886D87A8565BD4D304524C4C18E53AAE.udd" 644
"../../../../../../../Users/Jaksa/Documents/Unreal Projects/VRRunner/Content/FirstPersonBP/Character/FirstPerson_SkelMesh.uasset" 645
"../../../Engine/Content/TemplateResources/MI_Template_BaseBlue.uasset" 646
"../../../../../../../Users/Jaksa/Documents/Unreal Projects/VRRunner/Content/FirstPersonBP/Character/FirstPerson_Skeleton.uasset" 647
"../../../Engine/Content/EngineMeshes/Humanoid.uasset" 648
"../../../../../../../Users/Jaksa/Documents/Unreal Projects/VRRunner/Content/FirstPersonBP/Character/FirstPerson_ProjectileMesh.uasset" 649
"../../../../../../../Users/Jaksa/Documents/Unreal Projects/VRRunner/Content/FirstPersonBP/Animations/FirstPerson_Run.uasset" 650
"../../../../../../../Users/Jaksa/Documents/Unreal Projects/VRRunner/Content/FirstPersonBP/Animations/FirstPerson_JumpStart.uasset" 651
"../../../../../../../Users/Jaksa/Documents/Unreal Projects/VRRunner/Content/FirstPersonBP/Animations/FirstPerson_JumpLoop.uasset" 652
"../../../../../../../Users/Jaksa/Documents/Unreal Projects/VRRunner/Content/FirstPersonBP/Animations/FirstPerson_JumpEnd.uasset" 653
"../../../../../../../Users/Jaksa/Documents/Unreal Projects/VRRunner/Content/FirstPersonBP/Animations/FirstPerson_Idle.uasset" 654
"../../../../../../../Users/Jaksa/Documents/Unreal Projects/VRRunner/Content/FirstPersonBP/Animations/FirstPerson_Fire_Montage.uasset" 655
"../../../../../../../Users/Jaksa/Documents/Unreal Projects/VRRunner/Content/FirstPersonBP/Animations/FirstPerson_Fire.uasset" 656
